<?xml version="1.0" encoding="UTF-8" ?>
<testsuite failures="0" time="0.006" errors="0" skipped="0" tests="6" name="com.mycompany.mavenproject1.CalculatorTest">
  <properties>
[...]
</properties>
  <testcase time="0.006" classname="com.mycompany.mavenproject1.CalculatorTest" name="testDiv"/>
  <testcase time="0" classname="com.mycompany.mavenproject1.CalculatorTest" name="testDivZeroc"/>
  <testcase time="0" classname="com.mycompany.mavenproject1.CalculatorTest" name="testAriphExc"/>
  <testcase time="0" classname="com.mycompany.mavenproject1.CalculatorTest" name="testMinus"/>
  <testcase time="0" classname="com.mycompany.mavenproject1.CalculatorTest" name="testMult"/>
  <testcase time="0" classname="com.mycompany.mavenproject1.CalculatorTest" name="testPlus"/>
</testsuite>